<?xml version="1.0" encoding="UTF-8"?>
<!-- Generated by org.testng.reporters.JUnitReportReporter -->
<testsuite hostname="HP-K13JCTRN" failures="0" tests="5" name="runner.TestRunner" time="95.650" errors="0" timestamp="2025-02-19T22:02:35 GMT" skipped="0">
  <testcase classname="runner.TestRunner" name="runScenario" time="19.546"/>
  <testcase classname="runner.TestRunner" name="runScenario" time="18.857"/>
  <testcase classname="runner.TestRunner" name="runScenario" time="19.372"/>
  <testcase classname="runner.TestRunner" name="runScenario" time="19.478"/>
  <testcase classname="runner.TestRunner" name="runScenario" time="18.397"/>
</testsuite> <!-- runner.TestRunner -->
